mktextfm FontAwesome
mktextfm FontAwesome
mktextfm FontAwesome
mktextfm FontAwesome/BI
mktextfm FontAwesome
mktextfm FontAwesome/B
mktextfm FontAwesome
mktextfm FontAwesome/I
mktextfm FontAwesome
mktextfm FontAwesome
mktextfm Unit-Medium
mktextfm Unit-Medium
mktextfm Unit-Medium
mktextfm Unit-Medium/BI
mktextfm Unit-Medium
mktextfm Unit-Medium/B
mktextfm Unit-Medium
mktextfm Unit-Medium/I
mktextfm Unit-Medium
mktextfm Unit-Medium
mktextfm Inconsolata
mktextfm Inconsolata
mktextfm Inconsolata
mktextfm Inconsolata/BI
mktextfm Inconsolata
mktextfm Inconsolata/B
mktextfm Inconsolata
mktextfm Inconsolata/I
mktextfm Inconsolata
mktextfm Inconsolata
mktextfm Inconsolata
mktextfm Unit-Medium
mktextfm Unit-Medium
mktextfm FontAwesome
mktextfm FontAwesome
mktextfm FontAwesome
mktextfm FontAwesome/BI
mktextfm FontAwesome
mktextfm FontAwesome/B
mktextfm FontAwesome
mktextfm FontAwesome/I
mktextfm FontAwesome
mktextfm FontAwesome
mktextfm Unit-Medium
mktextfm Unit-Medium
mktextfm Unit-Medium
mktextfm Unit-Medium/BI
mktextfm Unit-Medium
mktextfm Unit-Medium/B
mktextfm Unit-Medium
mktextfm Unit-Medium/I
mktextfm Unit-Medium
mktextfm Unit-Medium
mktextfm Inconsolata
mktextfm Inconsolata
mktextfm Inconsolata
mktextfm Inconsolata/BI
mktextfm Inconsolata
mktextfm Inconsolata/B
mktextfm Inconsolata
mktextfm Inconsolata/I
mktextfm Inconsolata
mktextfm Inconsolata
mktextfm Inconsolata
mktextfm Unit-Medium
mktextfm Unit-Medium
mktextfm FontAwesome
mktextfm FontAwesome
mktextfm FontAwesome
mktextfm FontAwesome/BI
mktextfm FontAwesome
mktextfm FontAwesome/B
mktextfm FontAwesome
mktextfm FontAwesome/I
mktextfm FontAwesome
mktextfm FontAwesome
mktextfm Unit-Medium
mktextfm Unit-Medium
mktextfm Unit-Medium
mktextfm Unit-Medium/BI
mktextfm Unit-Medium
mktextfm Unit-Medium/B
mktextfm Unit-Medium
mktextfm Unit-Medium/I
mktextfm Unit-Medium
mktextfm Unit-Medium
mktextfm Inconsolata
mktextfm Inconsolata
mktextfm Inconsolata
mktextfm Inconsolata/BI
mktextfm Inconsolata
mktextfm Inconsolata/B
mktextfm Inconsolata
mktextfm Inconsolata/I
mktextfm Inconsolata
mktextfm Inconsolata
mktextfm Inconsolata
mktextfm Unit-Medium
mktextfm Unit-Medium
mktextfm Unit-Medium
mktextfm Unit-Medium
mktextfm Unit-Medium
mktextfm Unit-Medium/BI
mktextfm Unit-Medium
mktextfm Unit-Medium/B
mktextfm Unit-Medium
mktextfm Unit-Medium/I
mktextfm Unit-Medium
mktextfm Unit-Medium
mktextfm Inconsolata
mktextfm Inconsolata
mktextfm Inconsolata
mktextfm Inconsolata/BI
mktextfm Inconsolata
mktextfm Inconsolata/B
mktextfm Inconsolata
mktextfm Inconsolata/I
mktextfm Inconsolata
mktextfm Inconsolata
mktextfm Inconsolata
mktextfm Unit-Medium
mktextfm Unit-Medium
